<?xml version="1.0" encoding="UTF-8"?>
<!-- Generated by org.testng.reporters.JUnitXMLReporter -->
<testsuite ignored="0" hostname="DESKTOP-RBTLOM2" failures="0" tests="7" name="Default test" time="0.121" errors="0" timestamp="2021-10-17T19:34:07 IST">
  <testcase classname="TestCalculate" name="EmptyStringReturnZero" time="0.013"/>
  <testcase classname="TestCalculate" name="Greaterthan1000" time="0.002"/>
  <testcase classname="TestCalculate" name="NewlineDelimiter" time="0.002"/>
  <testcase classname="TestCalculate" name="SingleValue" time="0.004"/>
  <testcase classname="TestCalculate" name="ThreeNum" time="0.004"/>
  <testcase classname="TestCalculate" name="negativeInputException" time="0.003"/>
  <testcase classname="TestCalculate" name="twoNumberCommaDelimiter" time="0.002"/>
</testsuite> <!-- Default test -->
