<?xml version="1.0" encoding="UTF-8"?>
<testng-results ignored="0" total="7" passed="7" failed="0" skipped="0">
  <reporter-output>
  </reporter-output>
  <suite started-at="2021-10-17T19:34:07 IST" name="Default suite" finished-at="2021-10-17T19:34:07 IST" duration-ms="121">
    <groups>
    </groups>
    <test started-at="2021-10-17T19:34:07 IST" name="Default test" finished-at="2021-10-17T19:34:07 IST" duration-ms="121">
      <class name="TestCalculate">
        <test-method is-config="true" signature="init()[pri:0, instance:TestCalculate@35047d03]" started-at="2021-10-17T19:34:07 IST" name="init" finished-at="2021-10-17T19:34:07 IST" duration-ms="10" status="PASS">
          <reporter-output>
          </reporter-output>
        </test-method> <!-- init -->
        <test-method signature="EmptyStringReturnZero()[pri:0, instance:TestCalculate@35047d03]" started-at="2021-10-17T19:34:07 IST" name="EmptyStringReturnZero" finished-at="2021-10-17T19:34:07 IST" duration-ms="13" status="PASS">
          <reporter-output>
          </reporter-output>
        </test-method> <!-- EmptyStringReturnZero -->
        <test-method signature="Greaterthan1000()[pri:0, instance:TestCalculate@35047d03]" started-at="2021-10-17T19:34:07 IST" name="Greaterthan1000" finished-at="2021-10-17T19:34:07 IST" duration-ms="2" status="PASS">
          <reporter-output>
          </reporter-output>
        </test-method> <!-- Greaterthan1000 -->
        <test-method signature="NewlineDelimiter()[pri:0, instance:TestCalculate@35047d03]" started-at="2021-10-17T19:34:07 IST" name="NewlineDelimiter" finished-at="2021-10-17T19:34:07 IST" duration-ms="2" status="PASS">
          <reporter-output>
          </reporter-output>
        </test-method> <!-- NewlineDelimiter -->
        <test-method signature="SingleValue()[pri:0, instance:TestCalculate@35047d03]" started-at="2021-10-17T19:34:07 IST" name="SingleValue" finished-at="2021-10-17T19:34:07 IST" duration-ms="4" status="PASS">
          <reporter-output>
          </reporter-output>
        </test-method> <!-- SingleValue -->
        <test-method signature="ThreeNum()[pri:0, instance:TestCalculate@35047d03]" started-at="2021-10-17T19:34:07 IST" name="ThreeNum" finished-at="2021-10-17T19:34:07 IST" duration-ms="4" status="PASS">
          <reporter-output>
          </reporter-output>
        </test-method> <!-- ThreeNum -->
        <test-method signature="negativeInputException()[pri:0, instance:TestCalculate@35047d03]" started-at="2021-10-17T19:34:07 IST" name="negativeInputException" finished-at="2021-10-17T19:34:07 IST" duration-ms="3" status="PASS">
          <exception class="java.lang.Exception">
            <message>
              <![CDATA[Negative Not allowed]]>
            </message>
            <full-stacktrace>
              <![CDATA[java.lang.Exception: Negative Not allowed
at Calculator.add(Calculator.java:27)
at Calculator.calculate(Calculator.java:17)
at TestCalculate.negativeInputException(TestCalculate.java:45)
at java.base/jdk.internal.reflect.NativeMethodAccessorImpl.invoke0(Native Method)
at java.base/jdk.internal.reflect.NativeMethodAccessorImpl.invoke(NativeMethodAccessorImpl.java:78)
at java.base/jdk.internal.reflect.DelegatingMethodAccessorImpl.invoke(DelegatingMethodAccessorImpl.java:43)
at java.base/java.lang.reflect.Method.invoke(Method.java:567)
at org.testng.internal.MethodInvocationHelper.invokeMethod(MethodInvocationHelper.java:133)
at org.testng.internal.TestInvoker.invokeMethod(TestInvoker.java:598)
at org.testng.internal.TestInvoker.invokeTestMethod(TestInvoker.java:173)
at org.testng.internal.MethodRunner.runInSequence(MethodRunner.java:46)
at org.testng.internal.TestInvoker$MethodInvocationAgent.invoke(TestInvoker.java:824)
at org.testng.internal.TestInvoker.invokeTestMethods(TestInvoker.java:146)
at org.testng.internal.TestMethodWorker.invokeTestMethods(TestMethodWorker.java:146)
at org.testng.internal.TestMethodWorker.run(TestMethodWorker.java:128)
at java.base/java.util.ArrayList.forEach(ArrayList.java:1511)
at org.testng.TestRunner.privateRun(TestRunner.java:794)
at org.testng.TestRunner.run(TestRunner.java:596)
at org.testng.SuiteRunner.runTest(SuiteRunner.java:377)
at org.testng.SuiteRunner.runSequentially(SuiteRunner.java:371)
at org.testng.SuiteRunner.privateRun(SuiteRunner.java:332)
at org.testng.SuiteRunner.run(SuiteRunner.java:276)
at org.testng.SuiteRunnerWorker.runSuite(SuiteRunnerWorker.java:53)
at org.testng.SuiteRunnerWorker.run(SuiteRunnerWorker.java:96)
at org.testng.TestNG.runSuitesSequentially(TestNG.java:1212)
at org.testng.TestNG.runSuitesLocally(TestNG.java:1134)
at org.testng.TestNG.runSuites(TestNG.java:1063)
at org.testng.TestNG.run(TestNG.java:1031)
at org.testng.remote.AbstractRemoteTestNG.run(AbstractRemoteTestNG.java:115)
at org.testng.remote.RemoteTestNG.initAndRun(RemoteTestNG.java:251)
at org.testng.remote.RemoteTestNG.main(RemoteTestNG.java:77)
]]>
            </full-stacktrace>
          </exception> <!-- java.lang.Exception -->
          <reporter-output>
          </reporter-output>
        </test-method> <!-- negativeInputException -->
        <test-method signature="twoNumberCommaDelimiter()[pri:0, instance:TestCalculate@35047d03]" started-at="2021-10-17T19:34:07 IST" name="twoNumberCommaDelimiter" finished-at="2021-10-17T19:34:07 IST" duration-ms="2" status="PASS">
          <reporter-output>
          </reporter-output>
        </test-method> <!-- twoNumberCommaDelimiter -->
      </class> <!-- TestCalculate -->
    </test> <!-- Default test -->
  </suite> <!-- Default suite -->
</testng-results>
